<?xml version="1.0" encoding="UTF-8"?>
<!-- Generated by org.testng.reporters.JUnitXMLReporter -->
<testsuite ignored="0" hostname="DESKTOP-ESGNCE8" failures="0" tests="3" name="browserName" time="0.131" errors="0" timestamp="2023-02-03T16:47:59 IST">
  <testcase classname="testNgPkg.NewPolicyTestNgClass" name="@BeforeTest openBrowser" time="0.014">
    <failure type="java.lang.NullPointerException" message="Cannot invoke &amp;quot;org.openqa.selenium.WebDriver.manage()&amp;quot; because &amp;quot;this.driver&amp;quot; is null">
      <![CDATA[java.lang.NullPointerException: Cannot invoke "org.openqa.selenium.WebDriver.manage()" because "this.driver" is null
at testNgPkg.NewPolicyTestNgClass.openBrowser(NewPolicyTestNgClass.java:34)
... Removed 24 stack frames]]>
    </failure>
  </testcase> <!-- @BeforeTest openBrowser -->
  <testcase classname="testNgPkg.NewPolicyTestNgClass" name="@BeforeMethod LoginOrSignUpPage" time="0.0">
    <skipped/>
  </testcase> <!-- @BeforeMethod LoginOrSignUpPage -->
  <testcase classname="testNgPkg.NewPolicyTestNgClass" name="@AfterMethod closeCurrentTab" time="0.0">
    <skipped/>
  </testcase> <!-- @AfterMethod closeCurrentTab -->
  <testcase classname="testNgPkg.NewPolicyTestNgClass" name="@BeforeMethod LoginOrSignUpPage" time="0.0">
    <skipped/>
  </testcase> <!-- @BeforeMethod LoginOrSignUpPage -->
  <testcase classname="testNgPkg.NewPolicyTestNgClass" name="@AfterMethod closeCurrentTab" time="0.0">
    <skipped/>
  </testcase> <!-- @AfterMethod closeCurrentTab -->
  <testcase classname="testNgPkg.NewPolicyTestNgClass" name="@BeforeMethod LoginOrSignUpPage" time="0.0">
    <skipped/>
  </testcase> <!-- @BeforeMethod LoginOrSignUpPage -->
  <testcase classname="testNgPkg.NewPolicyTestNgClass" name="@AfterMethod closeCurrentTab" time="0.0">
    <skipped/>
  </testcase> <!-- @AfterMethod closeCurrentTab -->
  <testcase classname="testNgPkg.NewPolicyTestNgClass" name="@AfterTest afterTest" time="0.0">
    <skipped/>
  </testcase> <!-- @AfterTest afterTest -->
  <testcase classname="testNgPkg.NewPolicyTestNgClass" name="verifyCookiePolicy" time="0.001">
    <skipped/>
  </testcase> <!-- verifyCookiePolicy -->
  <testcase classname="testNgPkg.NewPolicyTestNgClass" name="verifyPrivacyPolicy" time="0.0">
    <skipped/>
  </testcase> <!-- verifyPrivacyPolicy -->
  <testcase classname="testNgPkg.NewPolicyTestNgClass" name="verifyTermsLink" time="0.0">
    <skipped/>
  </testcase> <!-- verifyTermsLink -->
</testsuite> <!-- browserName -->
