<?xml version="1.0" encoding="UTF-8"?>
<!-- Generated by org.testng.reporters.JUnitXMLReporter -->
<testsuite ignored="0" hostname="DESKTOP-ESGNCE8" failures="0" tests="6" name="PolicyTest1" time="0.07" errors="0" timestamp="2023-02-02T16:19:37 IST">
  <testcase classname="testNgPkg.PracticeTestNgClass" name="test" time="0.004"/>
  <testcase classname="testNgPkg.PracticeTestNgClass" name="test2" time="0.002"/>
  <testcase classname="testNgPkg.PracticeTestNgClass" name="test3" time="0.004"/>
  <testcase classname="testNgPkg.AutomationTestNgClass" name="test" time="0.004"/>
  <testcase classname="testNgPkg.AutomationTestNgClass" name="test2" time="0.004"/>
  <testcase classname="testNgPkg.AutomationTestNgClass" name="test3" time="0.001"/>
</testsuite> <!-- PolicyTest1 -->
